[INFO] [launch]: All log files can be found below /root/.ros/log/2026-05-29-18-05-53-749647-b6be7a161a1c-74411
[INFO] [launch]: Default logging verbosity is set to INFO
[INFO] [controller_server-1]: process started with pid [74434]
[INFO] [smoother_server-2]: process started with pid [74435]
[INFO] [planner_server-3]: process started with pid [74436]
[INFO] [route_server-4]: process started with pid [74437]
[INFO] [behavior_server-5]: process started with pid [74438]
[INFO] [bt_navigator-6]: process started with pid [74439]
[INFO] [waypoint_follower-7]: process started with pid [74440]
[INFO] [velocity_smoother-8]: process started with pid [74441]
[INFO] [collision_monitor-9]: process started with pid [74442]
[INFO] [opennav_docking-10]: process started with pid [74443]
[INFO] [lifecycle_manager-11]: process started with pid [74444]
[planner_server-3] [INFO] [1780077954.364108103] [planner_server]: 
[planner_server-3] 	planner_server lifecycle node launched. 
[planner_server-3] 	Waiting on external lifecycle transitions to activate
[planner_server-3] 	See https://design.ros2.org/articles/node_lifecycle.html for more information.
[planner_server-3] [INFO] [1780077954.370725938] [planner_server]: Creating
[waypoint_follower-7] [INFO] [1780077954.382917880] [waypoint_follower]: 
[waypoint_follower-7] 	waypoint_follower lifecycle node launched. 
[waypoint_follower-7] 	Waiting on external lifecycle transitions to activate
[waypoint_follower-7] 	See https://design.ros2.org/articles/node_lifecycle.html for more information.
[waypoint_follower-7] [INFO] [1780077954.396820203] [waypoint_follower]: Creating
[behavior_server-5] [INFO] [1780077954.409532756] [behavior_server]: 
[behavior_server-5] 	behavior_server lifecycle node launched. 
[behavior_server-5] 	Waiting on external lifecycle transitions to activate
[behavior_server-5] 	See https://design.ros2.org/articles/node_lifecycle.html for more information.
[velocity_smoother-8] [INFO] [1780077954.433374542] [velocity_smoother]: 
[velocity_smoother-8] 	velocity_smoother lifecycle node launched. 
[velocity_smoother-8] 	Waiting on external lifecycle transitions to activate
[velocity_smoother-8] 	See https://design.ros2.org/articles/node_lifecycle.html for more information.
[controller_server-1] [INFO] [1780077954.435614584] [controller_server]: 
[controller_server-1] 	controller_server lifecycle node launched. 
[controller_server-1] 	Waiting on external lifecycle transitions to activate
[controller_server-1] 	See https://design.ros2.org/articles/node_lifecycle.html for more information.
[opennav_docking-10] [INFO] [1780077954.445047019] [docking_server]: 
[opennav_docking-10] 	docking_server lifecycle node launched. 
[opennav_docking-10] 	Waiting on external lifecycle transitions to activate
[opennav_docking-10] 	See https://design.ros2.org/articles/node_lifecycle.html for more information.
[opennav_docking-10] [INFO] [1780077954.445355008] [docking_server]: Creating docking_server
[bt_navigator-6] [INFO] [1780077954.450204153] [bt_navigator]: 
[bt_navigator-6] 	bt_navigator lifecycle node launched. 
[bt_navigator-6] 	Waiting on external lifecycle transitions to activate
[bt_navigator-6] 	See https://design.ros2.org/articles/node_lifecycle.html for more information.
[controller_server-1] [INFO] [1780077954.452601814] [controller_server]: Creating controller server
[planner_server-3] [INFO] [1780077954.453494358] [global_costmap.global_costmap]: 
[planner_server-3] 	global_costmap lifecycle node launched. 
[planner_server-3] 	Waiting on external lifecycle transitions to activate
[planner_server-3] 	See https://design.ros2.org/articles/node_lifecycle.html for more information.
[planner_server-3] [INFO] [1780077954.454812576] [global_costmap.global_costmap]: Creating Costmap
[collision_monitor-9] [INFO] [1780077954.455080840] [collision_monitor]: 
[collision_monitor-9] 	collision_monitor lifecycle node launched. 
[collision_monitor-9] 	Waiting on external lifecycle transitions to activate
[collision_monitor-9] 	See https://design.ros2.org/articles/node_lifecycle.html for more information.
[bt_navigator-6] [INFO] [1780077954.460155711] [bt_navigator]: Creating
[lifecycle_manager-11] [INFO] [1780077954.489078728] [lifecycle_manager_navigation]: Creating
[route_server-4] [INFO] [1780077954.503625325] [route_server]: 
[route_server-4] 	route_server lifecycle node launched. 
[route_server-4] 	Waiting on external lifecycle transitions to activate
[route_server-4] 	See https://design.ros2.org/articles/node_lifecycle.html for more information.
[lifecycle_manager-11] [INFO] [1780077954.504963331] [lifecycle_manager_navigation]: [34m[1mCreating and initializing lifecycle service clients[0m[0m
[smoother_server-2] [INFO] [1780077954.512858814] [smoother_server]: 
[smoother_server-2] 	smoother_server lifecycle node launched. 
[smoother_server-2] 	Waiting on external lifecycle transitions to activate
[smoother_server-2] 	See https://design.ros2.org/articles/node_lifecycle.html for more information.
[smoother_server-2] [INFO] [1780077954.519872835] [smoother_server]: Creating smoother server
[controller_server-1] [INFO] [1780077954.522118835] [local_costmap.local_costmap]: 
[controller_server-1] 	local_costmap lifecycle node launched. 
[controller_server-1] 	Waiting on external lifecycle transitions to activate
[controller_server-1] 	See https://design.ros2.org/articles/node_lifecycle.html for more information.
[controller_server-1] [INFO] [1780077954.523626906] [local_costmap.local_costmap]: Creating Costmap
[lifecycle_manager-11] [INFO] [1780077954.710048529] [lifecycle_manager_navigation]: [34m[1mStarting managed nodes bringup...[0m[0m
[lifecycle_manager-11] [INFO] [1780077954.710160250] [lifecycle_manager_navigation]: [34m[1mConfiguring controller_server[0m[0m
[controller_server-1] [INFO] [1780077954.710744434] [controller_server]: Configuring controller interface
[controller_server-1] [INFO] [1780077954.710815012] [controller_server]: getting progress checker plugins..
[controller_server-1] [INFO] [1780077954.711325673] [controller_server]: getting goal checker plugins..
[controller_server-1] [INFO] [1780077954.711822217] [controller_server]: Controller frequency set to 20.0000Hz
[controller_server-1] [INFO] [1780077954.711901936] [local_costmap.local_costmap]: Configuring
[controller_server-1] [INFO] [1780077954.736274731] [local_costmap.local_costmap]: Using plugin "voxel_layer"
[controller_server-1] [INFO] [1780077954.745956339] [local_costmap.local_costmap]: Subscribed to Topics: scan
[controller_server-1] [INFO] [1780077954.782831753] [local_costmap.local_costmap]: Initialized plugin "voxel_layer"
[controller_server-1] [INFO] [1780077954.782932013] [local_costmap.local_costmap]: Using plugin "inflation_layer"
[controller_server-1] [INFO] [1780077954.785827675] [local_costmap.local_costmap]: Initialized plugin "inflation_layer"
[controller_server-1] [INFO] [1780077954.842863984] [controller_server]: Created progress_checker : progress_checker of type nav2_controller::SimpleProgressChecker
[controller_server-1] [INFO] [1780077954.843942104] [controller_server]: Controller Server has progress_checker  progress checkers available.
[controller_server-1] [INFO] [1780077954.845448529] [controller_server]: Created goal checker : general_goal_checker of type nav2_controller::SimpleGoalChecker
[controller_server-1] [INFO] [1780077954.847621612] [controller_server]: Controller Server has general_goal_checker  goal checkers available.
[controller_server-1] [INFO] [1780077954.877373595] [controller_server]: Created controller : FollowPath of type nav2_mppi_controller::MPPIController
[controller_server-1] [INFO] [1780077954.893463953] [controller_server]: Controller period is equal to model dt. Control sequence shifting is ON
[controller_server-1] [INFO] [1780077954.904501973] [controller_server]: ConstraintCritic instantiated with 1 power and 4.000000 weight.
[controller_server-1] [INFO] [1780077954.904614130] [controller_server]: Critic loaded : mppi::critics::ConstraintCritic
[controller_server-1] [INFO] [1780077954.910367245] [controller_server]: InflationCostCritic instantiated with 1 power and 300.000000 / 0.015000 weights. Critic will collision check based on circular cost.
[controller_server-1] [INFO] [1780077954.910477162] [controller_server]: Critic loaded : mppi::critics::CostCritic
[controller_server-1] [INFO] [1780077954.912669656] [controller_server]: GoalCritic instantiated with 1 power and 5.000000 weight.
[controller_server-1] [INFO] [1780077954.912765872] [controller_server]: Critic loaded : mppi::critics::GoalCritic
[controller_server-1] [INFO] [1780077954.915789291] [controller_server]: GoalAngleCritic instantiated with 1 power, 3.000000 weight, 0.500000 angular threshold and symmetric_yaw_tolerance disabled
[controller_server-1] [INFO] [1780077954.915850837] [controller_server]: Critic loaded : mppi::critics::GoalAngleCritic
[controller_server-1] [INFO] [1780077954.920883748] [controller_server]: ReferenceTrajectoryCritic instantiated with 1 power and 14.000000 weight
[controller_server-1] [INFO] [1780077954.920987984] [controller_server]: Critic loaded : mppi::critics::PathAlignCritic
[controller_server-1] [INFO] [1780077954.924311261] [controller_server]: Critic loaded : mppi::critics::PathFollowCritic
[controller_server-1] [INFO] [1780077954.928472849] [controller_server]: PathAngleCritic instantiated with 1 power and 2.000000 weight. Mode set to: Forward Preference
[controller_server-1] [INFO] [1780077954.928567161] [controller_server]: Critic loaded : mppi::critics::PathAngleCritic
[controller_server-1] [INFO] [1780077954.930622357] [controller_server]: PreferForwardCritic instantiated with 1 power and 5.000000 weight.
[controller_server-1] [INFO] [1780077954.930716808] [controller_server]: Critic loaded : mppi::critics::PreferForwardCritic
[controller_server-1] [INFO] [1780077954.941760643] [controller_server]: Optimizer reset
[controller_server-1] [INFO] [1780077954.957329632] [MPPIController]: Configured MPPI Controller: FollowPath
[controller_server-1] [INFO] [1780077954.957498527] [controller_server]: Controller Server has FollowPath  controllers available.
[lifecycle_manager-11] [INFO] [1780077954.998622767] [lifecycle_manager_navigation]: [34m[1mConfiguring smoother_server[0m[0m
[smoother_server-2] [INFO] [1780077954.999284429] [smoother_server]: Configuring smoother server
[smoother_server-2] [INFO] [1780077955.036715105] [smoother_server]: Created smoother : simple_smoother of type nav2_smoother::SimpleSmoother
[smoother_server-2] [INFO] [1780077955.040376616] [smoother_server]: Smoother Server has simple_smoother  smoothers available.
[lifecycle_manager-11] [INFO] [1780077955.062210881] [lifecycle_manager_navigation]: [34m[1mConfiguring planner_server[0m[0m
[planner_server-3] [INFO] [1780077955.062791299] [planner_server]: Configuring
[planner_server-3] [INFO] [1780077955.062852667] [global_costmap.global_costmap]: Configuring
[planner_server-3] [INFO] [1780077955.087407969] [global_costmap.global_costmap]: Using plugin "static_layer"
[planner_server-3] [INFO] [1780077955.097018461] [global_costmap.global_costmap]: Subscribing to the map topic (/map) with transient local durability
[planner_server-3] [INFO] [1780077955.102946929] [global_costmap.global_costmap]: Initialized plugin "static_layer"
[planner_server-3] [INFO] [1780077955.103057047] [global_costmap.global_costmap]: Using plugin "obstacle_layer"
[planner_server-3] [INFO] [1780077955.107010741] [global_costmap.global_costmap]: Subscribed to Topics: scan
[planner_server-3] [INFO] [1780077955.121906531] [global_costmap.global_costmap]: Initialized plugin "obstacle_layer"
[planner_server-3] [INFO] [1780077955.122000575] [global_costmap.global_costmap]: Using plugin "inflation_layer"
[planner_server-3] [INFO] [1780077955.124857955] [global_costmap.global_costmap]: Initialized plugin "inflation_layer"
[planner_server-3] [INFO] [1780077955.194889722] [planner_server]: Created global planner plugin GridBased of type nav2_navfn_planner::NavfnPlanner
[planner_server-3] [INFO] [1780077955.194974003] [planner_server]: Configuring plugin GridBased of type NavfnPlanner
[planner_server-3] [INFO] [1780077955.197489206] [planner_server]: Planner Server has GridBased  planners available.
[lifecycle_manager-11] [INFO] [1780077955.236805442] [lifecycle_manager_navigation]: [34m[1mConfiguring route_server[0m[0m
[route_server-4] [INFO] [1780077955.237404904] [route_server]: Configuring
[route_server-4] [INFO] [1780077955.315978997] [route_server]: Created GraphFileLoader GeoJsonGraphFileLoader of type nav2_route::GeoJsonGraphFileLoader
[route_server-4] [INFO] [1780077955.316060701] [route_server]: Configuring geojson graph file loader
[route_server-4] [INFO] [1780077955.316074893] [route_server]: No graph file provided to load yet.
[route_server-4] [INFO] [1780077955.325360267] [route_server]: Created edge cost function plugin DistanceScorer of type nav2_route::DistanceScorer
[route_server-4] [INFO] [1780077955.325486412] [route_server]: Configuring distance scorer.
[route_server-4] [INFO] [1780077955.326318202] [route_server]: Created edge cost function plugin CostmapScorer of type nav2_route::CostmapScorer
[route_server-4] [INFO] [1780077955.326356041] [route_server]: Configuring costmap scorer.
[route_server-4] [INFO] [1780077955.333265853] [route_server]: Created route operation AdjustSpeedLimit of type nav2_route::AdjustSpeedLimit
[route_server-4] [INFO] [1780077955.333362711] [route_server]: Configuring Adjust speed limit operation.
[route_server-4] [INFO] [1780077955.337778662] [route_server]: Created route operation ReroutingService of type nav2_route::ReroutingService
[route_server-4] [INFO] [1780077955.337914221] [route_server]: Configuring Rerouting service operation.
[route_server-4] [INFO] [1780077955.343282810] [route_server]: Created route operation CollisionMonitor of type nav2_route::CollisionMonitor
[route_server-4] [INFO] [1780077955.343868774] [route_server]: Using costmap topic: local_costmap/costmap_raw instead of server costmap topic: global_costmap/costmap_raw for CollisionMonitor.
[lifecycle_manager-11] [INFO] [1780077955.356731220] [lifecycle_manager_navigation]: [34m[1mConfiguring behavior_server[0m[0m
[behavior_server-5] [INFO] [1780077955.357442797] [behavior_server]: Configuring
[behavior_server-5] [INFO] [1780077955.373804790] [behavior_server]: Creating behavior plugin spin of type nav2_behaviors::Spin
[behavior_server-5] [INFO] [1780077955.375952452] [behavior_server]: Creating behavior plugin backup of type nav2_behaviors::BackUp
[behavior_server-5] [INFO] [1780077955.378158910] [behavior_server]: Creating behavior plugin drive_on_heading of type nav2_behaviors::DriveOnHeading
[behavior_server-5] [INFO] [1780077955.380059753] [behavior_server]: Creating behavior plugin assisted_teleop of type nav2_behaviors::AssistedTeleop
[behavior_server-5] [INFO] [1780077955.394336483] [behavior_server]: Creating behavior plugin wait of type nav2_behaviors::Wait
[behavior_server-5] [INFO] [1780077955.412183837] [behavior_server]: Configuring spin
[behavior_server-5] [INFO] [1780077955.435770938] [behavior_server]: Configuring backup
[behavior_server-5] [INFO] [1780077955.450973482] [behavior_server]: Configuring drive_on_heading
[behavior_server-5] [INFO] [1780077955.467112767] [behavior_server]: Configuring assisted_teleop
[behavior_server-5] [INFO] [1780077955.490074692] [behavior_server]: Configuring wait
[lifecycle_manager-11] [INFO] [1780077955.506437894] [lifecycle_manager_navigation]: [34m[1mConfiguring velocity_smoother[0m[0m
[velocity_smoother-8] [INFO] [1780077955.506961866] [velocity_smoother]: Configuring velocity smoother
[lifecycle_manager-11] [INFO] [1780077955.522498145] [lifecycle_manager_navigation]: [34m[1mConfiguring collision_monitor[0m[0m
[collision_monitor-9] [INFO] [1780077955.523042181] [collision_monitor]: Configuring
[collision_monitor-9] [INFO] [1780077955.542440852] [collision_monitor]: [scan]: Creating Scan
[collision_monitor-9] [INFO] [1780077955.549528515] [collision_monitor]: [FootprintApproach]: Creating Polygon
[collision_monitor-9] [INFO] [1780077955.562248485] [collision_monitor]: [FootprintApproach]: Polygon points are not defined. Using dynamic subscription instead.
[collision_monitor-9] [INFO] [1780077955.566858365] [collision_monitor]: [FootprintApproach]: Making footprint subscriber on /local_costmap/published_footprint topic
[lifecycle_manager-11] [INFO] [1780077955.594749634] [lifecycle_manager_navigation]: [34m[1mConfiguring bt_navigator[0m[0m
[bt_navigator-6] [INFO] [1780077955.595240920] [bt_navigator]: Configuring
[bt_navigator-6] [INFO] [1780077955.615323714] [bt_navigator]: Creating navigator id navigate_to_pose of type nav2_bt_navigator::NavigateToPoseNavigator
[bt_navigator-6] [INFO] [1780077955.787324062] [bt_navigator]: Creating navigator id navigate_through_poses of type nav2_bt_navigator::NavigateThroughPosesNavigator
[lifecycle_manager-11] [INFO] [1780077955.862758763] [lifecycle_manager_navigation]: [34m[1mConfiguring waypoint_follower[0m[0m
[waypoint_follower-7] [INFO] [1780077955.863246100] [waypoint_follower]: Configuring
[waypoint_follower-7] [INFO] [1780077955.920654571] [waypoint_follower]: Created waypoint_task_executor : wait_at_waypoint of type nav2_waypoint_follower::WaitAtWaypoint
[lifecycle_manager-11] [INFO] [1780077955.923108594] [lifecycle_manager_navigation]: [34m[1mConfiguring docking_server[0m[0m
[opennav_docking-10] [INFO] [1780077955.923652640] [docking_server]: Configuring docking_server
[opennav_docking-10] [INFO] [1780077955.923719062] [docking_server]: Controller frequency set to 50.0000Hz
[opennav_docking-10] [INFO] [1780077956.013316607] [docking_server]: Created charging dock plugin simple_charging_dock of type opennav_docking::SimpleChargingDock
[opennav_docking-10] [WARN] [1780077956.031348269] [docking_server]: Dock database filepath nor dock parameters set. Docking actions can only be executed specifying the dock pose via the action request. Or update the dock database via the reload_database service.
[opennav_docking-10] [INFO] [1780077956.031452094] [docking_server]: Docking Server has 1 dock types and 0 dock instances available.
[lifecycle_manager-11] [INFO] [1780077956.036156873] [lifecycle_manager_navigation]: [34m[1mActivating controller_server[0m[0m
[controller_server-1] [INFO] [1780077956.036556835] [controller_server]: Activating
[controller_server-1] [INFO] [1780077956.036666615] [local_costmap.local_costmap]: Activating
[controller_server-1] [INFO] [1780077956.036693237] [local_costmap.local_costmap]: Checking transform
[controller_server-1] [INFO] [1780077956.036772124] [local_costmap.local_costmap]: Timed out waiting for transform from base_link to odom to become available, tf error: Invalid frame ID "odom" passed to canTransform argument target_frame - frame does not exist
[controller_server-1] [INFO] [1780077956.537390094] [local_costmap.local_costmap]: Timed out waiting for transform from base_link to odom to become available, tf error: Invalid frame ID "odom" passed to canTransform argument target_frame - frame does not exist
[controller_server-1] [INFO] [1780077957.037554235] [local_costmap.local_costmap]: Timed out waiting for transform from base_link to odom to become available, tf error: Invalid frame ID "odom" passed to canTransform argument target_frame - frame does not exist
[controller_server-1] [INFO] [1780077957.536929039] [local_costmap.local_costmap]: Timed out waiting for transform from base_link to odom to become available, tf error: Invalid frame ID "odom" passed to canTransform argument target_frame - frame does not exist
[controller_server-1] [INFO] [1780077958.036936384] [local_costmap.local_costmap]: Timed out waiting for transform from base_link to odom to become available, tf error: Invalid frame ID "odom" passed to canTransform argument target_frame - frame does not exist
[controller_server-1] [INFO] [1780077958.536947474] [local_costmap.local_costmap]: Timed out waiting for transform from base_link to odom to become available, tf error: Invalid frame ID "odom" passed to canTransform argument target_frame - frame does not exist
[controller_server-1] [INFO] [1780077959.037350875] [local_costmap.local_costmap]: Timed out waiting for transform from base_link to odom to become available, tf error: Invalid frame ID "odom" passed to canTransform argument target_frame - frame does not exist
[controller_server-1] [INFO] [1780077959.536969916] [local_costmap.local_costmap]: Timed out waiting for transform from base_link to odom to become available, tf error: Invalid frame ID "odom" passed to canTransform argument target_frame - frame does not exist
[controller_server-1] [INFO] [1780077960.036871582] [local_costmap.local_costmap]: Timed out waiting for transform from base_link to odom to become available, tf error: Invalid frame ID "odom" passed to canTransform argument target_frame - frame does not exist
[controller_server-1] [INFO] [1780077960.537268955] [local_costmap.local_costmap]: Timed out waiting for transform from base_link to odom to become available, tf error: Invalid frame ID "odom" passed to canTransform argument target_frame - frame does not exist
[controller_server-1] [INFO] [1780077961.036899684] [local_costmap.local_costmap]: Timed out waiting for transform from base_link to odom to become available, tf error: Invalid frame ID "odom" passed to canTransform argument target_frame - frame does not exist
[controller_server-1] [INFO] [1780077961.537003957] [local_costmap.local_costmap]: Timed out waiting for transform from base_link to odom to become available, tf error: Invalid frame ID "odom" passed to canTransform argument target_frame - frame does not exist
[controller_server-1] [INFO] [1780077962.036969211] [local_costmap.local_costmap]: Timed out waiting for transform from base_link to odom to become available, tf error: Invalid frame ID "odom" passed to canTransform argument target_frame - frame does not exist
[controller_server-1] [INFO] [1780077962.537056490] [local_costmap.local_costmap]: Timed out waiting for transform from base_link to odom to become available, tf error: Invalid frame ID "odom" passed to canTransform argument target_frame - frame does not exist
[controller_server-1] [INFO] [1780077963.036942160] [local_costmap.local_costmap]: Timed out waiting for transform from base_link to odom to become available, tf error: Invalid frame ID "odom" passed to canTransform argument target_frame - frame does not exist
[controller_server-1] [INFO] [1780077963.536926415] [local_costmap.local_costmap]: Timed out waiting for transform from base_link to odom to become available, tf error: Invalid frame ID "odom" passed to canTransform argument target_frame - frame does not exist
[controller_server-1] [INFO] [1780077964.036900855] [local_costmap.local_costmap]: Timed out waiting for transform from base_link to odom to become available, tf error: Invalid frame ID "odom" passed to canTransform argument target_frame - frame does not exist
[controller_server-1] [INFO] [1780077964.536975219] [local_costmap.local_costmap]: Timed out waiting for transform from base_link to odom to become available, tf error: Invalid frame ID "odom" passed to canTransform argument target_frame - frame does not exist
[controller_server-1] [INFO] [1780077965.036931929] [local_costmap.local_costmap]: Timed out waiting for transform from base_link to odom to become available, tf error: Invalid frame ID "odom" passed to canTransform argument target_frame - frame does not exist
[controller_server-1] [INFO] [1780077965.537296696] [local_costmap.local_costmap]: Timed out waiting for transform from base_link to odom to become available, tf error: Invalid frame ID "odom" passed to canTransform argument target_frame - frame does not exist
[controller_server-1] [INFO] [1780077966.036921057] [local_costmap.local_costmap]: Timed out waiting for transform from base_link to odom to become available, tf error: Invalid frame ID "odom" passed to canTransform argument target_frame - frame does not exist
[controller_server-1] [INFO] [1780077966.536930623] [local_costmap.local_costmap]: Timed out waiting for transform from base_link to odom to become available, tf error: Invalid frame ID "odom" passed to canTransform argument target_frame - frame does not exist
[controller_server-1] [INFO] [1780077967.037270826] [local_costmap.local_costmap]: Timed out waiting for transform from base_link to odom to become available, tf error: Invalid frame ID "odom" passed to canTransform argument target_frame - frame does not exist
[controller_server-1] [INFO] [1780077967.536853407] [local_costmap.local_costmap]: Timed out waiting for transform from base_link to odom to become available, tf error: Invalid frame ID "odom" passed to canTransform argument target_frame - frame does not exist
[controller_server-1] [INFO] [1780077968.098178320] [local_costmap.local_costmap]: Timed out waiting for transform from base_link to odom to become available, tf error: Invalid frame ID "odom" passed to canTransform argument target_frame - frame does not exist
[controller_server-1] [INFO] [1780077968.536919046] [local_costmap.local_costmap]: Timed out waiting for transform from base_link to odom to become available, tf error: Invalid frame ID "odom" passed to canTransform argument target_frame - frame does not exist
[controller_server-1] [INFO] [1780077969.037267768] [local_costmap.local_costmap]: Timed out waiting for transform from base_link to odom to become available, tf error: Invalid frame ID "odom" passed to canTransform argument target_frame - frame does not exist
[controller_server-1] [INFO] [1780077969.537111019] [local_costmap.local_costmap]: Timed out waiting for transform from base_link to odom to become available, tf error: Invalid frame ID "odom" passed to canTransform argument target_frame - frame does not exist
[controller_server-1] [INFO] [1780077970.036959780] [local_costmap.local_costmap]: Timed out waiting for transform from base_link to odom to become available, tf error: Invalid frame ID "odom" passed to canTransform argument target_frame - frame does not exist
[controller_server-1] [INFO] [1780077970.537980593] [local_costmap.local_costmap]: Timed out waiting for transform from base_link to odom to become available, tf error: Invalid frame ID "odom" passed to canTransform argument target_frame - frame does not exist
[controller_server-1] [INFO] [1780077971.036939410] [local_costmap.local_costmap]: Timed out waiting for transform from base_link to odom to become available, tf error: Invalid frame ID "odom" passed to canTransform argument target_frame - frame does not exist
[controller_server-1] [INFO] [1780077971.537702215] [local_costmap.local_costmap]: Timed out waiting for transform from base_link to odom to become available, tf error: Invalid frame ID "odom" passed to canTransform argument target_frame - frame does not exist
[controller_server-1] [INFO] [1780077972.037024900] [local_costmap.local_costmap]: Timed out waiting for transform from base_link to odom to become available, tf error: Invalid frame ID "odom" passed to canTransform argument target_frame - frame does not exist
[controller_server-1] [INFO] [1780077972.537519644] [local_costmap.local_costmap]: Timed out waiting for transform from base_link to odom to become available, tf error: Invalid frame ID "odom" passed to canTransform argument target_frame - frame does not exist
[controller_server-1] [INFO] [1780077973.037006742] [local_costmap.local_costmap]: Timed out waiting for transform from base_link to odom to become available, tf error: Invalid frame ID "odom" passed to canTransform argument target_frame - frame does not exist
[controller_server-1] [INFO] [1780077973.537245567] [local_costmap.local_costmap]: Timed out waiting for transform from base_link to odom to become available, tf error: Invalid frame ID "odom" passed to canTransform argument target_frame - frame does not exist
[controller_server-1] [INFO] [1780077974.036893138] [local_costmap.local_costmap]: Timed out waiting for transform from base_link to odom to become available, tf error: Invalid frame ID "odom" passed to canTransform argument target_frame - frame does not exist
[controller_server-1] [INFO] [1780077974.537010203] [local_costmap.local_costmap]: Timed out waiting for transform from base_link to odom to become available, tf error: Invalid frame ID "odom" passed to canTransform argument target_frame - frame does not exist
[controller_server-1] [INFO] [1780077975.037255384] [local_costmap.local_costmap]: Timed out waiting for transform from base_link to odom to become available, tf error: Invalid frame ID "odom" passed to canTransform argument target_frame - frame does not exist
[controller_server-1] [INFO] [1780077975.537345037] [local_costmap.local_costmap]: Timed out waiting for transform from base_link to odom to become available, tf error: Invalid frame ID "odom" passed to canTransform argument target_frame - frame does not exist
[controller_server-1] [INFO] [1780077976.036877972] [local_costmap.local_costmap]: Timed out waiting for transform from base_link to odom to become available, tf error: Invalid frame ID "odom" passed to canTransform argument target_frame - frame does not exist
[controller_server-1] [INFO] [1780077976.536924329] [local_costmap.local_costmap]: Timed out waiting for transform from base_link to odom to become available, tf error: Invalid frame ID "odom" passed to canTransform argument target_frame - frame does not exist
[controller_server-1] [INFO] [1780077977.036908672] [local_costmap.local_costmap]: Timed out waiting for transform from base_link to odom to become available, tf error: Invalid frame ID "odom" passed to canTransform argument target_frame - frame does not exist
[controller_server-1] [INFO] [1780077977.536826460] [local_costmap.local_costmap]: Timed out waiting for transform from base_link to odom to become available, tf error: Invalid frame ID "odom" passed to canTransform argument target_frame - frame does not exist
[controller_server-1] [INFO] [1780077978.036991251] [local_costmap.local_costmap]: Timed out waiting for transform from base_link to odom to become available, tf error: Invalid frame ID "odom" passed to canTransform argument target_frame - frame does not exist
[controller_server-1] [INFO] [1780077978.536933767] [local_costmap.local_costmap]: Timed out waiting for transform from base_link to odom to become available, tf error: Invalid frame ID "odom" passed to canTransform argument target_frame - frame does not exist
[controller_server-1] [INFO] [1780077979.036913148] [local_costmap.local_costmap]: Timed out waiting for transform from base_link to odom to become available, tf error: Invalid frame ID "odom" passed to canTransform argument target_frame - frame does not exist
[controller_server-1] [INFO] [1780077979.536881029] [local_costmap.local_costmap]: Timed out waiting for transform from base_link to odom to become available, tf error: Invalid frame ID "odom" passed to canTransform argument target_frame - frame does not exist
[controller_server-1] [INFO] [1780077980.036860664] [local_costmap.local_costmap]: Timed out waiting for transform from base_link to odom to become available, tf error: Invalid frame ID "odom" passed to canTransform argument target_frame - frame does not exist
[controller_server-1] [INFO] [1780077980.536895367] [local_costmap.local_costmap]: Timed out waiting for transform from base_link to odom to become available, tf error: Invalid frame ID "odom" passed to canTransform argument target_frame - frame does not exist
[controller_server-1] [INFO] [1780077981.036940869] [local_costmap.local_costmap]: Timed out waiting for transform from base_link to odom to become available, tf error: Invalid frame ID "odom" passed to canTransform argument target_frame - frame does not exist
[controller_server-1] [INFO] [1780077981.536849101] [local_costmap.local_costmap]: Timed out waiting for transform from base_link to odom to become available, tf error: Invalid frame ID "odom" passed to canTransform argument target_frame - frame does not exist
[controller_server-1] [INFO] [1780077982.036879235] [local_costmap.local_costmap]: Timed out waiting for transform from base_link to odom to become available, tf error: Invalid frame ID "odom" passed to canTransform argument target_frame - frame does not exist
[controller_server-1] [INFO] [1780077982.536893822] [local_costmap.local_costmap]: Timed out waiting for transform from base_link to odom to become available, tf error: Invalid frame ID "odom" passed to canTransform argument target_frame - frame does not exist
[controller_server-1] [INFO] [1780077983.036901906] [local_costmap.local_costmap]: Timed out waiting for transform from base_link to odom to become available, tf error: Invalid frame ID "odom" passed to canTransform argument target_frame - frame does not exist
[controller_server-1] [INFO] [1780077983.536879779] [local_costmap.local_costmap]: Timed out waiting for transform from base_link to odom to become available, tf error: Invalid frame ID "odom" passed to canTransform argument target_frame - frame does not exist
[controller_server-1] [INFO] [1780077984.036931516] [local_costmap.local_costmap]: Timed out waiting for transform from base_link to odom to become available, tf error: Invalid frame ID "odom" passed to canTransform argument target_frame - frame does not exist
[controller_server-1] [INFO] [1780077984.536858998] [local_costmap.local_costmap]: Timed out waiting for transform from base_link to odom to become available, tf error: Invalid frame ID "odom" passed to canTransform argument target_frame - frame does not exist
[controller_server-1] [INFO] [1780077985.036918954] [local_costmap.local_costmap]: Timed out waiting for transform from base_link to odom to become available, tf error: Invalid frame ID "odom" passed to canTransform argument target_frame - frame does not exist
[controller_server-1] [INFO] [1780077985.536872498] [local_costmap.local_costmap]: Timed out waiting for transform from base_link to odom to become available, tf error: Invalid frame ID "odom" passed to canTransform argument target_frame - frame does not exist
[controller_server-1] [INFO] [1780077986.036911361] [local_costmap.local_costmap]: Timed out waiting for transform from base_link to odom to become available, tf error: Invalid frame ID "odom" passed to canTransform argument target_frame - frame does not exist
[controller_server-1] [INFO] [1780077986.536873224] [local_costmap.local_costmap]: Timed out waiting for transform from base_link to odom to become available, tf error: Invalid frame ID "odom" passed to canTransform argument target_frame - frame does not exist
[controller_server-1] [INFO] [1780077987.036884039] [local_costmap.local_costmap]: Timed out waiting for transform from base_link to odom to become available, tf error: Invalid frame ID "odom" passed to canTransform argument target_frame - frame does not exist
[controller_server-1] [INFO] [1780077987.536930484] [local_costmap.local_costmap]: Timed out waiting for transform from base_link to odom to become available, tf error: Invalid frame ID "odom" passed to canTransform argument target_frame - frame does not exist
[controller_server-1] [INFO] [1780077988.036892015] [local_costmap.local_costmap]: Timed out waiting for transform from base_link to odom to become available, tf error: Invalid frame ID "odom" passed to canTransform argument target_frame - frame does not exist
[controller_server-1] [INFO] [1780077988.536907523] [local_costmap.local_costmap]: Timed out waiting for transform from base_link to odom to become available, tf error: Invalid frame ID "odom" passed to canTransform argument target_frame - frame does not exist
[controller_server-1] [INFO] [1780077989.036931159] [local_costmap.local_costmap]: Timed out waiting for transform from base_link to odom to become available, tf error: Invalid frame ID "odom" passed to canTransform argument target_frame - frame does not exist
[controller_server-1] [INFO] [1780077989.536955476] [local_costmap.local_costmap]: Timed out waiting for transform from base_link to odom to become available, tf error: Invalid frame ID "odom" passed to canTransform argument target_frame - frame does not exist
[controller_server-1] [INFO] [1780077990.036898642] [local_costmap.local_costmap]: Timed out waiting for transform from base_link to odom to become available, tf error: Invalid frame ID "odom" passed to canTransform argument target_frame - frame does not exist
[controller_server-1] [INFO] [1780077990.536869246] [local_costmap.local_costmap]: Timed out waiting for transform from base_link to odom to become available, tf error: Invalid frame ID "odom" passed to canTransform argument target_frame - frame does not exist
[controller_server-1] [INFO] [1780077991.037087408] [local_costmap.local_costmap]: Timed out waiting for transform from base_link to odom to become available, tf error: Invalid frame ID "odom" passed to canTransform argument target_frame - frame does not exist
[controller_server-1] [INFO] [1780077991.536952678] [local_costmap.local_costmap]: Timed out waiting for transform from base_link to odom to become available, tf error: Invalid frame ID "odom" passed to canTransform argument target_frame - frame does not exist
[controller_server-1] [INFO] [1780077992.036865314] [local_costmap.local_costmap]: Timed out waiting for transform from base_link to odom to become available, tf error: Invalid frame ID "odom" passed to canTransform argument target_frame - frame does not exist
[controller_server-1] [INFO] [1780077992.536849447] [local_costmap.local_costmap]: Timed out waiting for transform from base_link to odom to become available, tf error: Invalid frame ID "odom" passed to canTransform argument target_frame - frame does not exist
[controller_server-1] [INFO] [1780077993.036885857] [local_costmap.local_costmap]: Timed out waiting for transform from base_link to odom to become available, tf error: Invalid frame ID "odom" passed to canTransform argument target_frame - frame does not exist
[controller_server-1] [INFO] [1780077993.537025917] [local_costmap.local_costmap]: Timed out waiting for transform from base_link to odom to become available, tf error: Invalid frame ID "odom" passed to canTransform argument target_frame - frame does not exist
[controller_server-1] [INFO] [1780077994.037421147] [local_costmap.local_costmap]: Timed out waiting for transform from base_link to odom to become available, tf error: Invalid frame ID "odom" passed to canTransform argument target_frame - frame does not exist
[controller_server-1] [INFO] [1780077994.536949773] [local_costmap.local_costmap]: Timed out waiting for transform from base_link to odom to become available, tf error: Invalid frame ID "odom" passed to canTransform argument target_frame - frame does not exist
[controller_server-1] [INFO] [1780077995.036899758] [local_costmap.local_costmap]: Timed out waiting for transform from base_link to odom to become available, tf error: Invalid frame ID "odom" passed to canTransform argument target_frame - frame does not exist
[controller_server-1] [INFO] [1780077995.536913870] [local_costmap.local_costmap]: Timed out waiting for transform from base_link to odom to become available, tf error: Invalid frame ID "odom" passed to canTransform argument target_frame - frame does not exist
[controller_server-1] [INFO] [1780077996.036869035] [local_costmap.local_costmap]: Timed out waiting for transform from base_link to odom to become available, tf error: Invalid frame ID "odom" passed to canTransform argument target_frame - frame does not exist
[controller_server-1] [INFO] [1780077996.536936154] [local_costmap.local_costmap]: Timed out waiting for transform from base_link to odom to become available, tf error: Invalid frame ID "odom" passed to canTransform argument target_frame - frame does not exist
[controller_server-1] [INFO] [1780077997.036858465] [local_costmap.local_costmap]: Timed out waiting for transform from base_link to odom to become available, tf error: Invalid frame ID "odom" passed to canTransform argument target_frame - frame does not exist
[controller_server-1] [INFO] [1780077997.536921705] [local_costmap.local_costmap]: Timed out waiting for transform from base_link to odom to become available, tf error: Invalid frame ID "odom" passed to canTransform argument target_frame - frame does not exist
[controller_server-1] [INFO] [1780077998.036884138] [local_costmap.local_costmap]: Timed out waiting for transform from base_link to odom to become available, tf error: Invalid frame ID "odom" passed to canTransform argument target_frame - frame does not exist
[controller_server-1] [INFO] [1780077998.536877987] [local_costmap.local_costmap]: Timed out waiting for transform from base_link to odom to become available, tf error: Invalid frame ID "odom" passed to canTransform argument target_frame - frame does not exist
[controller_server-1] [INFO] [1780077999.036957851] [local_costmap.local_costmap]: Timed out waiting for transform from base_link to odom to become available, tf error: Invalid frame ID "odom" passed to canTransform argument target_frame - frame does not exist
[controller_server-1] [INFO] [1780077999.537441153] [local_costmap.local_costmap]: Timed out waiting for transform from base_link to odom to become available, tf error: Invalid frame ID "odom" passed to canTransform argument target_frame - frame does not exist
[controller_server-1] [INFO] [1780078000.036920783] [local_costmap.local_costmap]: Timed out waiting for transform from base_link to odom to become available, tf error: Invalid frame ID "odom" passed to canTransform argument target_frame - frame does not exist
[controller_server-1] [INFO] [1780078000.537963338] [local_costmap.local_costmap]: Timed out waiting for transform from base_link to odom to become available, tf error: Invalid frame ID "odom" passed to canTransform argument target_frame - frame does not exist
[controller_server-1] [INFO] [1780078001.038888646] [local_costmap.local_costmap]: Timed out waiting for transform from base_link to odom to become available, tf error: Invalid frame ID "odom" passed to canTransform argument target_frame - frame does not exist
[controller_server-1] [INFO] [1780078001.537510714] [local_costmap.local_costmap]: Timed out waiting for transform from base_link to odom to become available, tf error: Invalid frame ID "odom" passed to canTransform argument target_frame - frame does not exist
[controller_server-1] [INFO] [1780078002.037685376] [local_costmap.local_costmap]: Timed out waiting for transform from base_link to odom to become available, tf error: Invalid frame ID "odom" passed to canTransform argument target_frame - frame does not exist
[controller_server-1] [INFO] [1780078002.537175292] [local_costmap.local_costmap]: Timed out waiting for transform from base_link to odom to become available, tf error: Invalid frame ID "odom" passed to canTransform argument target_frame - frame does not exist
[controller_server-1] [INFO] [1780078003.037008584] [local_costmap.local_costmap]: Timed out waiting for transform from base_link to odom to become available, tf error: Invalid frame ID "odom" passed to canTransform argument target_frame - frame does not exist
[controller_server-1] [INFO] [1780078003.537153435] [local_costmap.local_costmap]: Timed out waiting for transform from base_link to odom to become available, tf error: Invalid frame ID "odom" passed to canTransform argument target_frame - frame does not exist
[controller_server-1] [INFO] [1780078004.036959813] [local_costmap.local_costmap]: Timed out waiting for transform from base_link to odom to become available, tf error: Invalid frame ID "odom" passed to canTransform argument target_frame - frame does not exist
[controller_server-1] [INFO] [1780078004.536956691] [local_costmap.local_costmap]: Timed out waiting for transform from base_link to odom to become available, tf error: Invalid frame ID "odom" passed to canTransform argument target_frame - frame does not exist
[controller_server-1] [INFO] [1780078005.037656133] [local_costmap.local_costmap]: Timed out waiting for transform from base_link to odom to become available, tf error: Invalid frame ID "odom" passed to canTransform argument target_frame - frame does not exist
[controller_server-1] [INFO] [1780078005.536940513] [local_costmap.local_costmap]: Timed out waiting for transform from base_link to odom to become available, tf error: Invalid frame ID "odom" passed to canTransform argument target_frame - frame does not exist
[controller_server-1] [INFO] [1780078006.037084515] [local_costmap.local_costmap]: Timed out waiting for transform from base_link to odom to become available, tf error: Invalid frame ID "odom" passed to canTransform argument target_frame - frame does not exist
[controller_server-1] [INFO] [1780078006.536934800] [local_costmap.local_costmap]: Timed out waiting for transform from base_link to odom to become available, tf error: Invalid frame ID "odom" passed to canTransform argument target_frame - frame does not exist
[controller_server-1] [INFO] [1780078007.036969352] [local_costmap.local_costmap]: Timed out waiting for transform from base_link to odom to become available, tf error: Invalid frame ID "odom" passed to canTransform argument target_frame - frame does not exist
[controller_server-1] [INFO] [1780078007.537234867] [local_costmap.local_costmap]: Timed out waiting for transform from base_link to odom to become available, tf error: Invalid frame ID "odom" passed to canTransform argument target_frame - frame does not exist
[controller_server-1] [INFO] [1780078008.036943118] [local_costmap.local_costmap]: Timed out waiting for transform from base_link to odom to become available, tf error: Invalid frame ID "odom" passed to canTransform argument target_frame - frame does not exist
[controller_server-1] [INFO] [1780078008.536957803] [local_costmap.local_costmap]: Timed out waiting for transform from base_link to odom to become available, tf error: Invalid frame ID "odom" passed to canTransform argument target_frame - frame does not exist
[controller_server-1] [INFO] [1780078009.036902032] [local_costmap.local_costmap]: Timed out waiting for transform from base_link to odom to become available, tf error: Invalid frame ID "odom" passed to canTransform argument target_frame - frame does not exist
[controller_server-1] [INFO] [1780078009.537093717] [local_costmap.local_costmap]: Timed out waiting for transform from base_link to odom to become available, tf error: Invalid frame ID "odom" passed to canTransform argument target_frame - frame does not exist
[controller_server-1] [INFO] [1780078010.036955697] [local_costmap.local_costmap]: Timed out waiting for transform from base_link to odom to become available, tf error: Invalid frame ID "odom" passed to canTransform argument target_frame - frame does not exist
[controller_server-1] [INFO] [1780078010.536844731] [local_costmap.local_costmap]: Timed out waiting for transform from base_link to odom to become available, tf error: Invalid frame ID "odom" passed to canTransform argument target_frame - frame does not exist
[controller_server-1] [INFO] [1780078011.036958530] [local_costmap.local_costmap]: Timed out waiting for transform from base_link to odom to become available, tf error: Invalid frame ID "odom" passed to canTransform argument target_frame - frame does not exist
[controller_server-1] [INFO] [1780078011.536916993] [local_costmap.local_costmap]: Timed out waiting for transform from base_link to odom to become available, tf error: Invalid frame ID "odom" passed to canTransform argument target_frame - frame does not exist
[controller_server-1] [INFO] [1780078012.037005325] [local_costmap.local_costmap]: Timed out waiting for transform from base_link to odom to become available, tf error: Invalid frame ID "odom" passed to canTransform argument target_frame - frame does not exist
[controller_server-1] [INFO] [1780078012.537251418] [local_costmap.local_costmap]: Timed out waiting for transform from base_link to odom to become available, tf error: Invalid frame ID "odom" passed to canTransform argument target_frame - frame does not exist
[controller_server-1] [INFO] [1780078013.036892157] [local_costmap.local_costmap]: Timed out waiting for transform from base_link to odom to become available, tf error: Invalid frame ID "odom" passed to canTransform argument target_frame - frame does not exist
[controller_server-1] [INFO] [1780078013.536855339] [local_costmap.local_costmap]: Timed out waiting for transform from base_link to odom to become available, tf error: Invalid frame ID "odom" passed to canTransform argument target_frame - frame does not exist
[controller_server-1] [INFO] [1780078014.036965777] [local_costmap.local_costmap]: Timed out waiting for transform from base_link to odom to become available, tf error: Invalid frame ID "odom" passed to canTransform argument target_frame - frame does not exist
[controller_server-1] [INFO] [1780078014.536944594] [local_costmap.local_costmap]: Timed out waiting for transform from base_link to odom to become available, tf error: Invalid frame ID "odom" passed to canTransform argument target_frame - frame does not exist
[controller_server-1] [INFO] [1780078015.036984689] [local_costmap.local_costmap]: Timed out waiting for transform from base_link to odom to become available, tf error: Invalid frame ID "odom" passed to canTransform argument target_frame - frame does not exist
[controller_server-1] [INFO] [1780078015.537289894] [local_costmap.local_costmap]: Timed out waiting for transform from base_link to odom to become available, tf error: Invalid frame ID "odom" passed to canTransform argument target_frame - frame does not exist
[controller_server-1] [INFO] [1780078016.037037557] [local_costmap.local_costmap]: Timed out waiting for transform from base_link to odom to become available, tf error: Invalid frame ID "odom" passed to canTransform argument target_frame - frame does not exist
[controller_server-1] [ERROR] [1780078016.039239697] [local_costmap.local_costmap]: Failed to activate local_costmap because transform from base_link to odom did not become available before timeout
[lifecycle_manager-11] [ERROR] [1780078016.042764820] [lifecycle_manager_navigation]: Failed to change state for node: controller_server
[lifecycle_manager-11] [ERROR] [1780078016.042961718] [lifecycle_manager_navigation]: Failed to bring up all requested nodes. Aborting bringup.
